*** glibc detected *** /usr/local/stata12/stata-mp: free(): invalid next size (fast): 0x000000000257b0f0 ***
======= Backtrace: =========
/lib64/libc.so.6[0x3051c76126]
/lib64/libc.so.6[0x3051c78c53]
/usr/local/stata12/stata-mp[0xaf1f2c]
/usr/local/stata12/stata-mp[0x436d92]
/usr/local/stata12/stata-mp[0x48e40d]
/usr/local/stata12/stata-mp[0x5b614d]
/usr/local/stata12/stata-mp[0x5b7ef6]
/usr/local/stata12/stata-mp[0x5b6249]
/usr/local/stata12/stata-mp[0x5b8485]
/usr/local/stata12/stata-mp[0xa3848f]
/usr/local/stata12/stata-mp[0x61a729]
/usr/local/stata12/stata-mp[0x61a518]
/usr/local/stata12/stata-mp[0x5b5c39]
/usr/local/stata12/stata-mp[0x5b8485]
/usr/local/stata12/stata-mp[0xa3848f]
/usr/local/stata12/stata-mp[0x61a729]
/usr/local/stata12/stata-mp[0x61a518]
/usr/local/stata12/stata-mp[0x5b5c39]
/usr/local/stata12/stata-mp[0x5b8485]
/usr/local/stata12/stata-mp[0xa3848f]
/usr/local/stata12/stata-mp[0x61a729]
/usr/local/stata12/stata-mp[0x61a518]
/usr/local/stata12/stata-mp[0x5b5c39]
/usr/local/stata12/stata-mp[0x5b8485]
/usr/local/stata12/stata-mp[0xa3848f]
/usr/local/stata12/stata-mp[0x61a729]
/usr/local/stata12/stata-mp[0x61a518]
/usr/local/stata12/stata-mp[0x5b5c39]
/usr/local/stata12/stata-mp[0x5b8485]
/usr/local/stata12/stata-mp[0x61903e]
/usr/local/stata12/stata-mp[0x61a7cc]
/usr/local/stata12/stata-mp[0x61a518]
/usr/local/stata12/stata-mp[0x5b5c39]
/usr/local/stata12/stata-mp[0x5b8485]
/usr/local/stata12/stata-mp[0x5ee806]
/usr/local/stata12/stata-mp[0x5b5e8f]
/usr/local/stata12/stata-mp[0x5b8485]
/usr/local/stata12/stata-mp[0x5ee806]
/usr/local/stata12/stata-mp[0x5b7b5f]
/usr/local/stata12/stata-mp[0x5b8485]
/usr/local/stata12/stata-mp[0xac9fce]
/lib64/libc.so.6(__libc_start_main+0xfd)[0x3051c1ecdd]
/usr/local/stata12/stata-mp[0x40b309]
======= Memory map: ========
00400000-018e7000 r-xp 00000000 fd:01 2897619                            /usr/local/stata12/stata-mp
01ae6000-01b1b000 rwxp 014e6000 fd:01 2897619                            /usr/local/stata12/stata-mp
01b1b000-020cf000 rwxp 00000000 00:00 0 
022ee000-02885000 rwxp 00000000 00:00 0                                  [heap]
3051800000-3051820000 r-xp 00000000 fd:01 1048581                        /lib64/ld-2.12.so
3051a1f000-3051a20000 r-xp 0001f000 fd:01 1048581                        /lib64/ld-2.12.so
3051a20000-3051a21000 rwxp 00020000 fd:01 1048581                        /lib64/ld-2.12.so
3051a21000-3051a22000 rwxp 00000000 00:00 0 
3051c00000-3051d8a000 r-xp 00000000 fd:01 1048584                        /lib64/libc-2.12.so
3051d8a000-3051f89000 ---p 0018a000 fd:01 1048584                        /lib64/libc-2.12.so
3051f89000-3051f8d000 r-xp 00189000 fd:01 1048584                        /lib64/libc-2.12.so
3051f8d000-3051f8e000 rwxp 0018d000 fd:01 1048584                        /lib64/libc-2.12.so
3051f8e000-3051f93000 rwxp 00000000 00:00 0 
3052000000-3052083000 r-xp 00000000 fd:01 1048616                        /lib64/libm-2.12.so
3052083000-3052282000 ---p 00083000 fd:01 1048616                        /lib64/libm-2.12.so
3052282000-3052283000 r-xp 00082000 fd:01 1048616                        /lib64/libm-2.12.so
3052283000-3052284000 rwxp 00083000 fd:01 1048616                        /lib64/libm-2.12.so
3052400000-3052402000 r-xp 00000000 fd:01 1048592                        /lib64/libdl-2.12.so
3052402000-3052602000 ---p 00002000 fd:01 1048592                        /lib64/libdl-2.12.so
3052602000-3052603000 r-xp 00002000 fd:01 1048592                        /lib64/libdl-2.12.so
3052603000-3052604000 rwxp 00003000 fd:01 1048592                        /lib64/libdl-2.12.so
3052800000-3052817000 r-xp 00000000 fd:01 1048588                        /lib64/libpthread-2.12.so
3052817000-3052a17000 ---p 00017000 fd:01 1048588                        /lib64/libpthread-2.12.so
3052a17000-3052a18000 r-xp 00017000 fd:01 1048588                        /lib64/libpthread-2.12.so
3052a18000-3052a19000 rwxp 00018000 fd:01 1048588                        /lib64/libpthread-2.12.so
3052a19000-3052a1d000 rwxp 00000000 00:00 0 
3054c00000-3054c16000 r-xp 00000000 fd:01 1048617                        /lib64/libgcc_s-4.4.7-20120601.so.1
3054c16000-3054e15000 ---p 00016000 fd:01 1048617                        /lib64/libgcc_s-4.4.7-20120601.so.1
3054e15000-3054e16000 rwxp 00015000 fd:01 1048617                        /lib64/libgcc_s-4.4.7-20120601.so.1
3055800000-30558e8000 r-xp 00000000 fd:01 2885620                        /usr/lib64/libstdc++.so.6.0.13
30558e8000-3055ae8000 ---p 000e8000 fd:01 2885620                        /usr/lib64/libstdc++.so.6.0.13
3055ae8000-3055aef000 r-xp 000e8000 fd:01 2885620                        /usr/lib64/libstdc++.so.6.0.13
3055aef000-3055af1000 rwxp 000ef000 fd:01 2885620                        /usr/lib64/libstdc++.so.6.0.13
3055af1000-3055b06000 rwxp 00000000 00:00 0 
3056800000-305681d000 r-xp 00000000 fd:01 1048816                        /lib64/libtinfo.so.5.7
305681d000-3056a1d000 ---p 0001d000 fd:01 1048816                        /lib64/libtinfo.so.5.7
3056a1d000-3056a21000 rwxp 0001d000 fd:01 1048816                        /lib64/libtinfo.so.5.7
3057800000-3057822000 r-xp 00000000 fd:01 1048945                        /lib64/libncurses.so.5.7
3057822000-3057a21000 ---p 00022000 fd:01 1048945                        /lib64/libncurses.so.5.7
3057a21000-3057a22000 rwxp 00021000 fd:01 1048945                        /lib64/libncurses.so.5.7
7f0718000000-7f0718021000 rwxp 00000000 00:00 0 
7f0718021000-7f071c000000 ---p 00000000 00:00 0 
7f071c000000-7f071c021000 rwxp 00000000 00:00 0 
7f071c021000-7f0720000000 ---p 00000000 00:00 0 
7f0720000000-7f0720021000 rwxp 00000000 00:00 0 
7f0720021000-7f0724000000 ---p 00000000 00:00 0 
7f0726785000-7f0726786000 ---p 00000000 00:00 0 
7f0726786000-7f0726b86000 rwxp 00000000 00:00 0 
7f0726b86000-7f0726b87000 ---p 00000000 00:00 0 
7f0726b87000-7f0726b97000 rwxp 00000000 00:00 0 
7f0726e57000-7f0728e58000 rwxp 00000000 00:00 0 
7f076c000000-7f076c021000 rwxp 00000000 00:00 0 
7f076c021000-7f0770000000 ---p 00000000 00:00 0 
7f0774000000-7f0774021000 rwxp 00000000 00:00 0 
7f0774021000-7f0778000000 ---p 00000000 00:00 0 
7f077c000000-7f077c021000 rwxp 00000000 00:00 0 
7f077c021000-7f0780000000 ---p 00000000 00:00 0 
7f0784000000-7f0784021000 rwxp 00000000 00:00 0 
7f0784021000-7f0788000000 ---p 00000000 00:00 0 
7f078c000000-7f078c021000 rwxp 00000000 00:00 0 
7f078c021000-7f0790000000 ---p 00000000 00:00 0 
7f0790000000-7f0790021000 rwxp 00000000 00:00 0 
7f0790021000-7f0794000000 ---p 00000000 00:00 0 
7f0794000000-7f0794021000 rwxp 00000000 00:00 0 
7f0794021000-7f0798000000 ---p 00000000 00:00 0 
7f0798000000-7f0798021000 rwxp 00000000 00:00 0 
7f0798021000-7f079c000000 ---p 00000000 00:00 0 
7f079c000000-7f079c021000 rwxp 00000000 00:00 0 
7f079c021000-7f07a0000000 ---p 00000000 00:00 0 
7f07a0000000-7f07a0021000 rwxp 00000000 00:00 0 
7f07a0021000-7f07a4000000 ---p 00000000 00:00 0 
7f07a4000000-7f07a4021000 rwxp 00000000 00:00 0 
7f07a4021000-7f07a8000000 ---p 00000000 00:00 0 
7f07a8000000-7f07a8021000 rwxp 00000000 00:00 0 
7f07a8021000-7f07ac000000 ---p 00000000 00:00 0 
7f07ac000000-7f07ac021000 rwxp 00000000 00:00 0 
7f07ac021000-7f07b0000000 ---p 00000000 00:00 0 
7f07b4000000-7f07b4021000 rwxp 00000000 00:00 0 
7f07b4021000-7f07b8000000 ---p 00000000 00:00 0 
7f07b8000000-7f07b8021000 rwxp 00000000 00:00 0 
7f07b8021000-7f07bc000000 ---p 00000000 00:00 0 
7f07bc000000-7f07bc021000 rwxp 00000000 00:00 0 
7f07bc021000-7f07c0000000 ---p 00000000 00:00 0 
7f07c0000000-7f07c0021000 rwxp 00000000 00:00 0 
7f07c0021000-7f07c4000000 ---p 00000000 00:00 0 
7f07c4000000-7f07c4021000 rwxp 00000000 00:00 0 
7f07c4021000-7f07c8000000 ---p 00000000 00:00 0 
7f07c8000000-7f07c8021000 rwxp 00000000 00:00 0 
7f07c8021000-7f07cc000000 ---p 00000000 00:00 0 
7f07cc000000-7f07cc021000 rwxp 00000000 00:00 0 
7f07cc021000-7f07d0000000 ---p 00000000 00:00 0 
7f07d2eaa000-7f07d2eab000 ---p 00000000 00:00 0 
7f07d2eab000-7f07d32ab000 rwxp 00000000 00:00 0 
7f07d32ab000-7f07d32ac000 ---p 00000000 00:00 0 
7f07d32ac000-7f07d36ac000 rwxp 00000000 00:00 0 
7f07d36ac000-7f07d36ad000 ---p 00000000 00:00 0 
7f07d36ad000-7f07d3aad000 rwxp 00000000 00:00 0 
7f07d3aad000-7f07d3aae000 ---p 00000000 00:00 0 
7f07d3aae000-7f07d3eae000 rwxp 00000000 00:00 0 
7f07d3eae000-7f07d3eaf000 ---p 00000000 00:00 0 
7f07d3eaf000-7f07d42af000 rwxp 00000000 00:00 0 
7f07d43f1000-7f07d43f2000 ---p 00000000 00:00 0 
7f07d43f2000-7f07d47f2000 rwxp 00000000 00:00 0 
7f07d47f2000-7f07d47f3000 ---p 00000000 00:00 0 
7f07d47f3000-7f07d4bf3000 rwxp 00000000 00:00 0 
7f07d4bf3000-7f07d4bf4000 ---p 00000000 00:00 0 
7f07d4bf4000-7f07d4ff4000 rwxp 00000000 00:00 0 
7f07d4ff4000-7f07d4ff5000 ---p 00000000 00:00 0 
7f07d4ff5000-7f07d53f5000 rwxp 00000000 00:00 0 
7f07d53f5000-7f07d53f6000 ---p 00000000 00:00 0 
7f07d53f6000-7f07d57f6000 rwxp 00000000 00:00 0 
7f07d57f6000-7f07d57f7000 ---p 00000000 00:00 0 
7f07d57f7000-7f07d5bf7000 rwxp 00000000 00:00 0 
7f07d5bf7000-7f07d5bf8000 ---p 00000000 00:00 0 
7f07d5bf8000-7f07d5ff8000 rwxp 00000000 00:00 0 
7f07d5ff8000-7f07d5ff9000 ---p 00000000 00:00 0 
7f07d5ff9000-7f07d63f9000 rwxp 00000000 00:00 0 
7f07d63f9000-7f07d63fa000 ---p 00000000 00:00 0 
7f07d63fa000-7f07d67fa000 rwxp 00000000 00:00 0 
7f07d67fa000-7f07d67fb000 ---p 00000000 00:00 0 
7f07d67fb000-7f07d6bfb000 rwxp 00000000 00:00 0 
7f07d6bfb000-7f07d6bfc000 ---p 00000000 00:00 0 
7f07d6bfc000-7f07d6ffc000 rwxp 00000000 00:00 0 
7f07d6ffc000-7f07d6ffd000 ---p 00000000 00:00 0 
7f07d6ffd000-7f07d73fd000 rwxp 00000000 00:00 0 
7f07d73fd000-7f07d73fe000 ---p 00000000 00:00 0 
7f07d73fe000-7f07d77fe000 rwxp 00000000 00:00 0 
7f07d77fe000-7f07d77ff000 ---p 00000000 00:00 0 
7f07d77ff000-7f07d7bff000 rwxp 00000000 00:00 0 
7f07d7bff000-7f07d7c00000 ---p 00000000 00:00 0 
7f07d7c00000-7f07d8000000 rwxp 00000000 00:00 0 
7f07d8000000-7f07d8021000 rwxp 00000000 00:00 0 
7f07d8021000-7f07dc000000 ---p 00000000 00:00 0 
7f07dc2af000-7f07dc2b0000 ---p 00000000 00:00 0 
7f07dc2b0000-7f07dc6b0000 rwxp 00000000 00:00 0 
7f07dc6b0000-7f07dc6b1000 ---p 00000000 00:00 0 
7f07dc6b1000-7f07dcab1000 rwxp 00000000 00:00 0 
7f07dcab1000-7f07dcab2000 ---p 00000000 00:00 0 
7f07dcab2000-7f07e2fd9000 rwxp 00000000 00:00 0 
7f07e2fdb000-7f07e2fdc000 rwxp 00000000 00:00 0 
7f07e2fdc000-7f07e2fdd000 ---p 00000000 00:00 0 
7f07e2fdd000-7f07e2fee000 rwxp 00000000 00:00 0 
7fff2f291000-7fff2f2e5000 rwxp 00000000 00:00 0                          [stack]
7fff2f3ff000-7fff2f400000 r-xp 00000000 00:00 0                          [vdso]
ffffffffff600000-ffffffffff601000 r-xp 00000000 00:00 0                  [vsyscall]
/usr/local/bin/stata: line 17: 30202 Aborted                 (core dumped) /usr/local/stata12/stata-mp "$@"
*** glibc detected *** /usr/local/stata12/stata-mp: free(): invalid next size (fast): 0x0000000003c14450 ***
======= Backtrace: =========
/lib64/libc.so.6[0x3051c76126]
/lib64/libc.so.6[0x3051c78c53]
/usr/local/stata12/stata-mp[0xaf1f2c]
/usr/local/stata12/stata-mp[0x436d92]
/usr/local/stata12/stata-mp[0x48e40d]
/usr/local/stata12/stata-mp[0x5b614d]
/usr/local/stata12/stata-mp[0x5b7ef6]
/usr/local/stata12/stata-mp[0x5b6249]
/usr/local/stata12/stata-mp[0x5b8485]
/usr/local/stata12/stata-mp[0xa3848f]
/usr/local/stata12/stata-mp[0x61a729]
/usr/local/stata12/stata-mp[0x61a518]
/usr/local/stata12/stata-mp[0x5b5c39]
/usr/local/stata12/stata-mp[0x5b8485]
/usr/local/stata12/stata-mp[0xa3848f]
/usr/local/stata12/stata-mp[0x61a729]
/usr/local/stata12/stata-mp[0x61a518]
/usr/local/stata12/stata-mp[0x5b5c39]
/usr/local/stata12/stata-mp[0x5b8485]
/usr/local/stata12/stata-mp[0xa3848f]
/usr/local/stata12/stata-mp[0x61a729]
/usr/local/stata12/stata-mp[0x61a518]
/usr/local/stata12/stata-mp[0x5b5c39]
/usr/local/stata12/stata-mp[0x5b8485]
/usr/local/stata12/stata-mp[0xa3848f]
/usr/local/stata12/stata-mp[0x61a729]
/usr/local/stata12/stata-mp[0x61a518]
/usr/local/stata12/stata-mp[0x5b5c39]
/usr/local/stata12/stata-mp[0x5b8485]
/usr/local/stata12/stata-mp[0xa3848f]
/usr/local/stata12/stata-mp[0x61a729]
/usr/local/stata12/stata-mp[0x61a518]
/usr/local/stata12/stata-mp[0x5b5c39]
/usr/local/stata12/stata-mp[0x5b8485]
/usr/local/stata12/stata-mp[0x61903e]
/usr/local/stata12/stata-mp[0x61a7cc]
/usr/local/stata12/stata-mp[0x61a518]
/usr/local/stata12/stata-mp[0x5b5c39]
/usr/local/stata12/stata-mp[0x5b8485]
/usr/local/stata12/stata-mp[0x5ee806]
/usr/local/stata12/stata-mp[0x5b5e8f]
/usr/local/stata12/stata-mp[0x5b8485]
/usr/local/stata12/stata-mp[0x5ee806]
/usr/local/stata12/stata-mp[0x5b7b5f]
/usr/local/stata12/stata-mp[0x5b8485]
/usr/local/stata12/stata-mp[0xac9fce]
/lib64/libc.so.6(__libc_start_main+0xfd)[0x3051c1ecdd]
/usr/local/stata12/stata-mp[0x40b309]
======= Memory map: ========
00400000-018e7000 r-xp 00000000 fd:01 2897619                            /usr/local/stata12/stata-mp
01ae6000-01b1b000 rwxp 014e6000 fd:01 2897619                            /usr/local/stata12/stata-mp
01b1b000-020cf000 rwxp 00000000 00:00 0 
03a01000-03fa3000 rwxp 00000000 00:00 0                                  [heap]
3051800000-3051820000 r-xp 00000000 fd:01 1048581                        /lib64/ld-2.12.so
3051a1f000-3051a20000 r-xp 0001f000 fd:01 1048581                        /lib64/ld-2.12.so
3051a20000-3051a21000 rwxp 00020000 fd:01 1048581                        /lib64/ld-2.12.so
3051a21000-3051a22000 rwxp 00000000 00:00 0 
3051c00000-3051d8a000 r-xp 00000000 fd:01 1048584                        /lib64/libc-2.12.so
3051d8a000-3051f89000 ---p 0018a000 fd:01 1048584                        /lib64/libc-2.12.so
3051f89000-3051f8d000 r-xp 00189000 fd:01 1048584                        /lib64/libc-2.12.so
3051f8d000-3051f8e000 rwxp 0018d000 fd:01 1048584                        /lib64/libc-2.12.so
3051f8e000-3051f93000 rwxp 00000000 00:00 0 
3052000000-3052083000 r-xp 00000000 fd:01 1048616                        /lib64/libm-2.12.so
3052083000-3052282000 ---p 00083000 fd:01 1048616                        /lib64/libm-2.12.so
3052282000-3052283000 r-xp 00082000 fd:01 1048616                        /lib64/libm-2.12.so
3052283000-3052284000 rwxp 00083000 fd:01 1048616                        /lib64/libm-2.12.so
3052400000-3052402000 r-xp 00000000 fd:01 1048592                        /lib64/libdl-2.12.so
3052402000-3052602000 ---p 00002000 fd:01 1048592                        /lib64/libdl-2.12.so
3052602000-3052603000 r-xp 00002000 fd:01 1048592                        /lib64/libdl-2.12.so
3052603000-3052604000 rwxp 00003000 fd:01 1048592                        /lib64/libdl-2.12.so
3052800000-3052817000 r-xp 00000000 fd:01 1048588                        /lib64/libpthread-2.12.so
3052817000-3052a17000 ---p 00017000 fd:01 1048588                        /lib64/libpthread-2.12.so
3052a17000-3052a18000 r-xp 00017000 fd:01 1048588                        /lib64/libpthread-2.12.so
3052a18000-3052a19000 rwxp 00018000 fd:01 1048588                        /lib64/libpthread-2.12.so
3052a19000-3052a1d000 rwxp 00000000 00:00 0 
3054c00000-3054c16000 r-xp 00000000 fd:01 1048617                        /lib64/libgcc_s-4.4.7-20120601.so.1
3054c16000-3054e15000 ---p 00016000 fd:01 1048617                        /lib64/libgcc_s-4.4.7-20120601.so.1
3054e15000-3054e16000 rwxp 00015000 fd:01 1048617                        /lib64/libgcc_s-4.4.7-20120601.so.1
3055800000-30558e8000 r-xp 00000000 fd:01 2885620                        /usr/lib64/libstdc++.so.6.0.13
30558e8000-3055ae8000 ---p 000e8000 fd:01 2885620                        /usr/lib64/libstdc++.so.6.0.13
3055ae8000-3055aef000 r-xp 000e8000 fd:01 2885620                        /usr/lib64/libstdc++.so.6.0.13
3055aef000-3055af1000 rwxp 000ef000 fd:01 2885620                        /usr/lib64/libstdc++.so.6.0.13
3055af1000-3055b06000 rwxp 00000000 00:00 0 
3056800000-305681d000 r-xp 00000000 fd:01 1048816                        /lib64/libtinfo.so.5.7
305681d000-3056a1d000 ---p 0001d000 fd:01 1048816                        /lib64/libtinfo.so.5.7
3056a1d000-3056a21000 rwxp 0001d000 fd:01 1048816                        /lib64/libtinfo.so.5.7
3057800000-3057822000 r-xp 00000000 fd:01 1048945                        /lib64/libncurses.so.5.7
3057822000-3057a21000 ---p 00022000 fd:01 1048945                        /lib64/libncurses.so.5.7
3057a21000-3057a22000 rwxp 00021000 fd:01 1048945                        /lib64/libncurses.so.5.7
7fa6b0000000-7fa6b0021000 rwxp 00000000 00:00 0 
7fa6b0021000-7fa6b4000000 ---p 00000000 00:00 0 
7fa6b4000000-7fa6b4021000 rwxp 00000000 00:00 0 
7fa6b4021000-7fa6b8000000 ---p 00000000 00:00 0 
7fa6b8000000-7fa6b8021000 rwxp 00000000 00:00 0 
7fa6b8021000-7fa6bc000000 ---p 00000000 00:00 0 
7fa6bc894000-7fa6bc895000 ---p 00000000 00:00 0 
7fa6bc895000-7fa6bcc95000 rwxp 00000000 00:00 0 
7fa6bcc95000-7fa6bcc96000 ---p 00000000 00:00 0 
7fa6bcc96000-7fa6bcca6000 rwxp 00000000 00:00 0 
7fa708000000-7fa708021000 rwxp 00000000 00:00 0 
7fa708021000-7fa70c000000 ---p 00000000 00:00 0 
7fa710000000-7fa710021000 rwxp 00000000 00:00 0 
7fa710021000-7fa714000000 ---p 00000000 00:00 0 
7fa714000000-7fa714021000 rwxp 00000000 00:00 0 
7fa714021000-7fa718000000 ---p 00000000 00:00 0 
7fa718000000-7fa718021000 rwxp 00000000 00:00 0 
7fa718021000-7fa71c000000 ---p 00000000 00:00 0 
7fa71c000000-7fa71c021000 rwxp 00000000 00:00 0 
7fa71c021000-7fa720000000 ---p 00000000 00:00 0 
7fa720000000-7fa720021000 rwxp 00000000 00:00 0 
7fa720021000-7fa724000000 ---p 00000000 00:00 0 
7fa724000000-7fa724021000 rwxp 00000000 00:00 0 
7fa724021000-7fa728000000 ---p 00000000 00:00 0 
7fa728000000-7fa728021000 rwxp 00000000 00:00 0 
7fa728021000-7fa72c000000 ---p 00000000 00:00 0 
7fa730000000-7fa730021000 rwxp 00000000 00:00 0 
7fa730021000-7fa734000000 ---p 00000000 00:00 0 
7fa734000000-7fa734021000 rwxp 00000000 00:00 0 
7fa734021000-7fa738000000 ---p 00000000 00:00 0 
7fa738000000-7fa738021000 rwxp 00000000 00:00 0 
7fa738021000-7fa73c000000 ---p 00000000 00:00 0 
7fa740000000-7fa740021000 rwxp 00000000 00:00 0 
7fa740021000-7fa744000000 ---p 00000000 00:00 0 
7fa744000000-7fa744021000 rwxp 00000000 00:00 0 
7fa744021000-7fa748000000 ---p 00000000 00:00 0 
7fa748000000-7fa748021000 rwxp 00000000 00:00 0 
7fa748021000-7fa74c000000 ---p 00000000 00:00 0 
7fa74c000000-7fa74c021000 rwxp 00000000 00:00 0 
7fa74c021000-7fa750000000 ---p 00000000 00:00 0 
7fa750000000-7fa750021000 rwxp 00000000 00:00 0 
7fa750021000-7fa754000000 ---p 00000000 00:00 0 
7fa754000000-7fa754021000 rwxp 00000000 00:00 0 
7fa754021000-7fa758000000 ---p 00000000 00:00 0 
7fa758000000-7fa758021000 rwxp 00000000 00:00 0 
7fa758021000-7fa75c000000 ---p 00000000 00:00 0 
7fa75c000000-7fa75c021000 rwxp 00000000 00:00 0 
7fa75c021000-7fa760000000 ---p 00000000 00:00 0 
7fa760000000-7fa760021000 rwxp 00000000 00:00 0 
7fa760021000-7fa764000000 ---p 00000000 00:00 0 
7fa765009000-7fa76500a000 ---p 00000000 00:00 0 
7fa76500a000-7fa76540a000 rwxp 00000000 00:00 0 
7fa76540a000-7fa76540b000 ---p 00000000 00:00 0 
7fa76540b000-7fa76580b000 rwxp 00000000 00:00 0 
7fa76580b000-7fa76580c000 ---p 00000000 00:00 0 
7fa76580c000-7fa765c0c000 rwxp 00000000 00:00 0 
7fa765c0c000-7fa765c0d000 ---p 00000000 00:00 0 
7fa765c0d000-7fa76600d000 rwxp 00000000 00:00 0 
7fa76600d000-7fa76600e000 ---p 00000000 00:00 0 
7fa76600e000-7fa76640e000 rwxp 00000000 00:00 0 
7fa7667fa000-7fa7667fb000 ---p 00000000 00:00 0 
7fa7667fb000-7fa766bfb000 rwxp 00000000 00:00 0 
7fa766bfb000-7fa766bfc000 ---p 00000000 00:00 0 
7fa766bfc000-7fa766ffc000 rwxp 00000000 00:00 0 
7fa766ffc000-7fa766ffd000 ---p 00000000 00:00 0 
7fa766ffd000-7fa7673fd000 rwxp 00000000 00:00 0 
7fa7673fd000-7fa7673fe000 ---p 00000000 00:00 0 
7fa7673fe000-7fa7677fe000 rwxp 00000000 00:00 0 
7fa7677fe000-7fa7677ff000 ---p 00000000 00:00 0 
7fa7677ff000-7fa767bff000 rwxp 00000000 00:00 0 
7fa767bff000-7fa767c00000 ---p 00000000 00:00 0 
7fa767c00000-7fa768000000 rwxp 00000000 00:00 0 
7fa768000000-7fa768021000 rwxp 00000000 00:00 0 
7fa768021000-7fa76c000000 ---p 00000000 00:00 0 
7fa76c005000-7fa76c006000 ---p 00000000 00:00 0 
7fa76c006000-7fa76c406000 rwxp 00000000 00:00 0 
7fa76c406000-7fa76c407000 ---p 00000000 00:00 0 
7fa76c407000-7fa76c807000 rwxp 00000000 00:00 0 
7fa76c807000-7fa76c808000 ---p 00000000 00:00 0 
7fa76c808000-7fa76cc08000 rwxp 00000000 00:00 0 
7fa76cc08000-7fa76cc09000 ---p 00000000 00:00 0 
7fa76cc09000-7fa76d009000 rwxp 00000000 00:00 0 
7fa76d009000-7fa76d00a000 ---p 00000000 00:00 0 
7fa76d00a000-7fa76d40a000 rwxp 00000000 00:00 0 
7fa76d40a000-7fa76d40b000 ---p 00000000 00:00 0 
7fa76d40b000-7fa76d80b000 rwxp 00000000 00:00 0 
7fa76d80b000-7fa76d80c000 ---p 00000000 00:00 0 
7fa76d80c000-7fa76dc0c000 rwxp 00000000 00:00 0 
7fa76dc0c000-7fa76dc0d000 ---p 00000000 00:00 0 
7fa76dc0d000-7fa76e00d000 rwxp 00000000 00:00 0 
7fa76e00d000-7fa76e00e000 ---p 00000000 00:00 0 
7fa76e00e000-7fa76e40e000 rwxp 00000000 00:00 0 
7fa76e40e000-7fa76e40f000 ---p 00000000 00:00 0 
7fa76e40f000-7fa76e80f000 rwxp 00000000 00:00 0 
7fa76e80f000-7fa76e810000 ---p 00000000 00:00 0 
7fa76e810000-7fa76ec10000 rwxp 00000000 00:00 0 
7fa76ec10000-7fa76ec11000 ---p 00000000 00:00 0 
7fa76ec11000-7fa77913a000 rwxp 00000000 00:00 0 
7fa77913c000-7fa77913d000 rwxp 00000000 00:00 0 
7fa77913d000-7fa77913e000 ---p 00000000 00:00 0 
7fa77913e000-7fa77914f000 rwxp 00000000 00:00 0 
7fff67fb8000-7fff6800c000 rwxp 00000000 00:00 0                          [stack]
7fff681c8000-7fff681c9000 r-xp 00000000 00:00 0                          [vdso]
ffffffffff600000-ffffffffff601000 r-xp 00000000 00:00 0                  [vsyscall]
/usr/local/bin/stata: line 17: 30198 Aborted                 (core dumped) /usr/local/stata12/stata-mp "$@"
